                              1 ;--------------------------------------------------------
                              2 ; File Created by SDCC : free open source ANSI-C Compiler
                              3 ; Version 2.9.0 #5416 (Mar 22 2009) (MINGW32)
                              4 ; This file was generated Mon Oct 23 22:44:03 2017
                              5 ;--------------------------------------------------------
                              6 	.module handler
                              7 	.optsdcc -mmcs51 --model-small
                              8 	
                              9 ;--------------------------------------------------------
                             10 ; Public variables in this module
                             11 ;--------------------------------------------------------
                             12 	.globl _NUMBER_LIMIT
                             13 	.globl _DIP_POLL_MODE
                             14 	.globl _false
                             15 	.globl _true
                             16 	.globl _to_hex
                             17 	.globl _error
                             18 	.globl _reset
                             19 	.globl _read_dip
                             20 	.globl _SPR0
                             21 	.globl _SPR1
                             22 	.globl _CPHA
                             23 	.globl _CPOL
                             24 	.globl _SPIM
                             25 	.globl _SPE
                             26 	.globl _WCOL
                             27 	.globl _ISPI
                             28 	.globl _I2CI
                             29 	.globl _I2CTX
                             30 	.globl _I2CRS
                             31 	.globl _I2CM
                             32 	.globl _MDI
                             33 	.globl _MCO
                             34 	.globl _MDE
                             35 	.globl _MDO
                             36 	.globl _CS0
                             37 	.globl _CS1
                             38 	.globl _CS2
                             39 	.globl _CS3
                             40 	.globl _SCONV
                             41 	.globl _CCONV
                             42 	.globl _DMA
                             43 	.globl _ADCI
                             44 	.globl _P
                             45 	.globl _F1
                             46 	.globl _OV
                             47 	.globl _RS0
                             48 	.globl _RS1
                             49 	.globl _F0
                             50 	.globl _AC
                             51 	.globl _CY
                             52 	.globl _CAP2
                             53 	.globl _CNT2
                             54 	.globl _TR2
                             55 	.globl _XEN
                             56 	.globl _TCLK
                             57 	.globl _RCLK
                             58 	.globl _EXF2
                             59 	.globl _TF2
                             60 	.globl _WDE
                             61 	.globl _WDS
                             62 	.globl _WDR2
                             63 	.globl _WDR1
                             64 	.globl _PRE0
                             65 	.globl _PRE1
                             66 	.globl _PRE2
                             67 	.globl _PX0
                             68 	.globl _PT0
                             69 	.globl _PX1
                             70 	.globl _PT1
                             71 	.globl _PS
                             72 	.globl _PT2
                             73 	.globl _PADC
                             74 	.globl _PSI
                             75 	.globl _RXD
                             76 	.globl _TXD
                             77 	.globl _INT0
                             78 	.globl _INT1
                             79 	.globl _T0
                             80 	.globl _T1
                             81 	.globl _WR
                             82 	.globl _RD
                             83 	.globl _EX0
                             84 	.globl _ET0
                             85 	.globl _EX1
                             86 	.globl _ET1
                             87 	.globl _ES
                             88 	.globl _ET2
                             89 	.globl _EADC
                             90 	.globl _EA
                             91 	.globl _RI
                             92 	.globl _TI
                             93 	.globl _RB8
                             94 	.globl _TB8
                             95 	.globl _REN
                             96 	.globl _SM2
                             97 	.globl _SM1
                             98 	.globl _SM0
                             99 	.globl _T2
                            100 	.globl _T2EX
                            101 	.globl _IT0
                            102 	.globl _IE0
                            103 	.globl _IT1
                            104 	.globl _IE1
                            105 	.globl _TR0
                            106 	.globl _TF0
                            107 	.globl _TR1
                            108 	.globl _TF1
                            109 	.globl _DACCON
                            110 	.globl _DAC1H
                            111 	.globl _DAC1L
                            112 	.globl _DAC0H
                            113 	.globl _DAC0L
                            114 	.globl _SPICON
                            115 	.globl _SPIDAT
                            116 	.globl _ADCCON3
                            117 	.globl _ADCGAINH
                            118 	.globl _ADCGAINL
                            119 	.globl _ADCOFSH
                            120 	.globl _ADCOFSL
                            121 	.globl _B
                            122 	.globl _ADCCON1
                            123 	.globl _I2CCON
                            124 	.globl _ACC
                            125 	.globl _PSMCON
                            126 	.globl _ADCDATAH
                            127 	.globl _ADCDATAL
                            128 	.globl _ADCCON2
                            129 	.globl _DMAP
                            130 	.globl _DMAH
                            131 	.globl _DMAL
                            132 	.globl _PSW
                            133 	.globl _TH2
                            134 	.globl _TL2
                            135 	.globl _RCAP2H
                            136 	.globl _RCAP2L
                            137 	.globl _T2CON
                            138 	.globl _EADRL
                            139 	.globl _WDCON
                            140 	.globl _EDATA4
                            141 	.globl _EDATA3
                            142 	.globl _EDATA2
                            143 	.globl _EDATA1
                            144 	.globl _ETIM3
                            145 	.globl _ETIM2
                            146 	.globl _ETIM1
                            147 	.globl _ECON
                            148 	.globl _IP
                            149 	.globl _P3
                            150 	.globl _IE2
                            151 	.globl _IE
                            152 	.globl _P2
                            153 	.globl _I2CADD
                            154 	.globl _I2CDAT
                            155 	.globl _SBUF
                            156 	.globl _SCON
                            157 	.globl _P1
                            158 	.globl _TH1
                            159 	.globl _TH0
                            160 	.globl _TL1
                            161 	.globl _TL0
                            162 	.globl _TMOD
                            163 	.globl _TCON
                            164 	.globl _PCON
                            165 	.globl _DPP
                            166 	.globl _DPH
                            167 	.globl _DPL
                            168 	.globl _SP
                            169 	.globl _P0
                            170 	.globl _state
                            171 	.globl _number
                            172 	.globl _mode
                            173 	.globl _initialize_handler
                            174 	.globl _poll_loop
                            175 	.globl _int_loop
                            176 	.globl _handler_loop
                            177 	.globl _handler_int
                            178 ;--------------------------------------------------------
                            179 ; special function registers
                            180 ;--------------------------------------------------------
                            181 	.area RSEG    (DATA)
                    0080    182 _P0	=	0x0080
                    0081    183 _SP	=	0x0081
                    0082    184 _DPL	=	0x0082
                    0083    185 _DPH	=	0x0083
                    0084    186 _DPP	=	0x0084
                    0087    187 _PCON	=	0x0087
                    0088    188 _TCON	=	0x0088
                    0089    189 _TMOD	=	0x0089
                    008A    190 _TL0	=	0x008a
                    008B    191 _TL1	=	0x008b
                    008C    192 _TH0	=	0x008c
                    008D    193 _TH1	=	0x008d
                    0090    194 _P1	=	0x0090
                    0098    195 _SCON	=	0x0098
                    0099    196 _SBUF	=	0x0099
                    009A    197 _I2CDAT	=	0x009a
                    009B    198 _I2CADD	=	0x009b
                    00A0    199 _P2	=	0x00a0
                    00A8    200 _IE	=	0x00a8
                    00A9    201 _IE2	=	0x00a9
                    00B0    202 _P3	=	0x00b0
                    00B8    203 _IP	=	0x00b8
                    00B9    204 _ECON	=	0x00b9
                    00BA    205 _ETIM1	=	0x00ba
                    00BB    206 _ETIM2	=	0x00bb
                    00C4    207 _ETIM3	=	0x00c4
                    00BC    208 _EDATA1	=	0x00bc
                    00BD    209 _EDATA2	=	0x00bd
                    00BE    210 _EDATA3	=	0x00be
                    00BF    211 _EDATA4	=	0x00bf
                    00C0    212 _WDCON	=	0x00c0
                    00C6    213 _EADRL	=	0x00c6
                    00C8    214 _T2CON	=	0x00c8
                    00CA    215 _RCAP2L	=	0x00ca
                    00CB    216 _RCAP2H	=	0x00cb
                    00CC    217 _TL2	=	0x00cc
                    00CD    218 _TH2	=	0x00cd
                    00D0    219 _PSW	=	0x00d0
                    00D2    220 _DMAL	=	0x00d2
                    00D3    221 _DMAH	=	0x00d3
                    00D4    222 _DMAP	=	0x00d4
                    00D8    223 _ADCCON2	=	0x00d8
                    00D9    224 _ADCDATAL	=	0x00d9
                    00DA    225 _ADCDATAH	=	0x00da
                    00DF    226 _PSMCON	=	0x00df
                    00E0    227 _ACC	=	0x00e0
                    00E8    228 _I2CCON	=	0x00e8
                    00EF    229 _ADCCON1	=	0x00ef
                    00F0    230 _B	=	0x00f0
                    00F1    231 _ADCOFSL	=	0x00f1
                    00F2    232 _ADCOFSH	=	0x00f2
                    00F3    233 _ADCGAINL	=	0x00f3
                    00F4    234 _ADCGAINH	=	0x00f4
                    00F5    235 _ADCCON3	=	0x00f5
                    00F7    236 _SPIDAT	=	0x00f7
                    00F8    237 _SPICON	=	0x00f8
                    00F9    238 _DAC0L	=	0x00f9
                    00FA    239 _DAC0H	=	0x00fa
                    00FB    240 _DAC1L	=	0x00fb
                    00FC    241 _DAC1H	=	0x00fc
                    00FD    242 _DACCON	=	0x00fd
                            243 ;--------------------------------------------------------
                            244 ; special function bits
                            245 ;--------------------------------------------------------
                            246 	.area RSEG    (DATA)
                    008F    247 _TF1	=	0x008f
                    008E    248 _TR1	=	0x008e
                    008D    249 _TF0	=	0x008d
                    008C    250 _TR0	=	0x008c
                    008B    251 _IE1	=	0x008b
                    008A    252 _IT1	=	0x008a
                    0089    253 _IE0	=	0x0089
                    0088    254 _IT0	=	0x0088
                    0091    255 _T2EX	=	0x0091
                    0090    256 _T2	=	0x0090
                    009F    257 _SM0	=	0x009f
                    009E    258 _SM1	=	0x009e
                    009D    259 _SM2	=	0x009d
                    009C    260 _REN	=	0x009c
                    009B    261 _TB8	=	0x009b
                    009A    262 _RB8	=	0x009a
                    0099    263 _TI	=	0x0099
                    0098    264 _RI	=	0x0098
                    00AF    265 _EA	=	0x00af
                    00AE    266 _EADC	=	0x00ae
                    00AD    267 _ET2	=	0x00ad
                    00AC    268 _ES	=	0x00ac
                    00AB    269 _ET1	=	0x00ab
                    00AA    270 _EX1	=	0x00aa
                    00A9    271 _ET0	=	0x00a9
                    00A8    272 _EX0	=	0x00a8
                    00B7    273 _RD	=	0x00b7
                    00B6    274 _WR	=	0x00b6
                    00B5    275 _T1	=	0x00b5
                    00B4    276 _T0	=	0x00b4
                    00B3    277 _INT1	=	0x00b3
                    00B2    278 _INT0	=	0x00b2
                    00B1    279 _TXD	=	0x00b1
                    00B0    280 _RXD	=	0x00b0
                    00BF    281 _PSI	=	0x00bf
                    00BE    282 _PADC	=	0x00be
                    00BD    283 _PT2	=	0x00bd
                    00BC    284 _PS	=	0x00bc
                    00BB    285 _PT1	=	0x00bb
                    00BA    286 _PX1	=	0x00ba
                    00B9    287 _PT0	=	0x00b9
                    00B8    288 _PX0	=	0x00b8
                    00C7    289 _PRE2	=	0x00c7
                    00C6    290 _PRE1	=	0x00c6
                    00C5    291 _PRE0	=	0x00c5
                    00C3    292 _WDR1	=	0x00c3
                    00C2    293 _WDR2	=	0x00c2
                    00C1    294 _WDS	=	0x00c1
                    00C0    295 _WDE	=	0x00c0
                    00CF    296 _TF2	=	0x00cf
                    00CE    297 _EXF2	=	0x00ce
                    00CD    298 _RCLK	=	0x00cd
                    00CC    299 _TCLK	=	0x00cc
                    00CB    300 _XEN	=	0x00cb
                    00CA    301 _TR2	=	0x00ca
                    00C9    302 _CNT2	=	0x00c9
                    00C8    303 _CAP2	=	0x00c8
                    00D7    304 _CY	=	0x00d7
                    00D6    305 _AC	=	0x00d6
                    00D5    306 _F0	=	0x00d5
                    00D4    307 _RS1	=	0x00d4
                    00D3    308 _RS0	=	0x00d3
                    00D2    309 _OV	=	0x00d2
                    00D1    310 _F1	=	0x00d1
                    00D0    311 _P	=	0x00d0
                    00DF    312 _ADCI	=	0x00df
                    00DE    313 _DMA	=	0x00de
                    00DD    314 _CCONV	=	0x00dd
                    00DC    315 _SCONV	=	0x00dc
                    00DB    316 _CS3	=	0x00db
                    00DA    317 _CS2	=	0x00da
                    00D9    318 _CS1	=	0x00d9
                    00D8    319 _CS0	=	0x00d8
                    00EF    320 _MDO	=	0x00ef
                    00EE    321 _MDE	=	0x00ee
                    00ED    322 _MCO	=	0x00ed
                    00EC    323 _MDI	=	0x00ec
                    00EB    324 _I2CM	=	0x00eb
                    00EA    325 _I2CRS	=	0x00ea
                    00E9    326 _I2CTX	=	0x00e9
                    00E8    327 _I2CI	=	0x00e8
                    00FF    328 _ISPI	=	0x00ff
                    00FE    329 _WCOL	=	0x00fe
                    00FD    330 _SPE	=	0x00fd
                    00FC    331 _SPIM	=	0x00fc
                    00FB    332 _CPOL	=	0x00fb
                    00FA    333 _CPHA	=	0x00fa
                    00F9    334 _SPR1	=	0x00f9
                    00F8    335 _SPR0	=	0x00f8
                            336 ;--------------------------------------------------------
                            337 ; overlayable register banks
                            338 ;--------------------------------------------------------
                            339 	.area REG_BANK_0	(REL,OVR,DATA)
   0000                     340 	.ds 8
                            341 ;--------------------------------------------------------
                            342 ; internal ram data
                            343 ;--------------------------------------------------------
                            344 	.area DSEG    (DATA)
   0000                     345 _MODE_INT:
   0000                     346 	.ds 1
   0001                     347 _mode::
   0001                     348 	.ds 1
   0002                     349 _number::
   0002                     350 	.ds 1
   0003                     351 _state::
   0003                     352 	.ds 1
                            353 ;--------------------------------------------------------
                            354 ; overlayable items in internal ram 
                            355 ;--------------------------------------------------------
                            356 	.area OSEG    (OVR,DATA)
                            357 ;--------------------------------------------------------
                            358 ; indirectly addressable internal ram data
                            359 ;--------------------------------------------------------
                            360 	.area ISEG    (DATA)
                            361 ;--------------------------------------------------------
                            362 ; absolute internal ram data
                            363 ;--------------------------------------------------------
                            364 	.area IABS    (ABS,DATA)
                            365 	.area IABS    (ABS,DATA)
                            366 ;--------------------------------------------------------
                            367 ; bit data
                            368 ;--------------------------------------------------------
                            369 	.area BSEG    (BIT)
                            370 ;--------------------------------------------------------
                            371 ; paged external ram data
                            372 ;--------------------------------------------------------
                            373 	.area PSEG    (PAG,XDATA)
                            374 ;--------------------------------------------------------
                            375 ; external ram data
                            376 ;--------------------------------------------------------
                            377 	.area XSEG    (XDATA)
                            378 ;--------------------------------------------------------
                            379 ; absolute external ram data
                            380 ;--------------------------------------------------------
                            381 	.area XABS    (ABS,XDATA)
                            382 ;--------------------------------------------------------
                            383 ; external initialized ram data
                            384 ;--------------------------------------------------------
                            385 	.area XISEG   (XDATA)
                            386 	.area HOME    (CODE)
                            387 	.area GSINIT0 (CODE)
                            388 	.area GSINIT1 (CODE)
                            389 	.area GSINIT2 (CODE)
                            390 	.area GSINIT3 (CODE)
                            391 	.area GSINIT4 (CODE)
                            392 	.area GSINIT5 (CODE)
                            393 	.area GSINIT  (CODE)
                            394 	.area GSFINAL (CODE)
                            395 	.area CSEG    (CODE)
                            396 ;--------------------------------------------------------
                            397 ; global & static initialisations
                            398 ;--------------------------------------------------------
                            399 	.area HOME    (CODE)
                            400 	.area GSINIT  (CODE)
                            401 	.area GSFINAL (CODE)
                            402 	.area GSINIT  (CODE)
                            403 ;	./INCLUDE/handler.h:9: static u8 MODE_INT=0xFF;
   0000 75*00 FF            404 	mov	_MODE_INT,#0xFF
                            405 ;--------------------------------------------------------
                            406 ; Home
                            407 ;--------------------------------------------------------
                            408 	.area HOME    (CODE)
                            409 	.area HOME    (CODE)
                            410 ;--------------------------------------------------------
                            411 ; code
                            412 ;--------------------------------------------------------
                            413 	.area CSEG    (CODE)
                            414 ;------------------------------------------------------------
                            415 ;Allocation info for local variables in function 'read_dip'
                            416 ;------------------------------------------------------------
                            417 ;------------------------------------------------------------
                            418 ;	SRC/handler.c:19: u8 read_dip(){
                            419 ;	-----------------------------------------
                            420 ;	 function read_dip
                            421 ;	-----------------------------------------
   0000                     422 _read_dip:
                    0002    423 	ar2 = 0x02
                    0003    424 	ar3 = 0x03
                    0004    425 	ar4 = 0x04
                    0005    426 	ar5 = 0x05
                    0006    427 	ar6 = 0x06
                    0007    428 	ar7 = 0x07
                    0000    429 	ar0 = 0x00
                    0001    430 	ar1 = 0x01
                            431 ;	SRC/handler.c:20: return read_max(EXT_LO);
   0000 90 00 02            432 	mov	dptr,#0x0002
   0003 02s00r00            433 	ljmp	_read_max
                            434 ;------------------------------------------------------------
                            435 ;Allocation info for local variables in function 'reset'
                            436 ;------------------------------------------------------------
                            437 ;------------------------------------------------------------
                            438 ;	SRC/handler.c:23: void reset() {
                            439 ;	-----------------------------------------
                            440 ;	 function reset
                            441 ;	-----------------------------------------
   0006                     442 _reset:
                            443 ;	SRC/handler.c:24: number=0;
   0006 75*02 00            444 	mov	_number,#0x00
                            445 ;	SRC/handler.c:25: state=STATE_NUMBER;
   0009 75*03 00            446 	mov	_state,#0x00
   000C 22                  447 	ret
                            448 ;------------------------------------------------------------
                            449 ;Allocation info for local variables in function 'initialize_handler'
                            450 ;------------------------------------------------------------
                            451 ;------------------------------------------------------------
                            452 ;	SRC/handler.c:28: void initialize_handler() {
                            453 ;	-----------------------------------------
                            454 ;	 function initialize_handler
                            455 ;	-----------------------------------------
   000D                     456 _initialize_handler:
                            457 ;	SRC/handler.c:29: mode = MODE_POLL;
   000D 90s00r02            458 	mov	dptr,#_MODE_POLL
   0010 E4                  459 	clr	a
   0011 93                  460 	movc	a,@a+dptr
   0012 F5*01               461 	mov	_mode,a
                            462 ;	SRC/handler.c:30: reset();
   0014 02s00r06            463 	ljmp	_reset
                            464 ;------------------------------------------------------------
                            465 ;Allocation info for local variables in function 'poll_loop'
                            466 ;------------------------------------------------------------
                            467 ;i                         Allocated to registers r2 
                            468 ;byte_in                   Allocated to stack - offset 1
                            469 ;------------------------------------------------------------
                            470 ;	SRC/handler.c:33: void poll_loop() {
                            471 ;	-----------------------------------------
                            472 ;	 function poll_loop
                            473 ;	-----------------------------------------
   0017                     474 _poll_loop:
   0017 C0*00               475 	push	_bp
   0019 85 81*00            476 	mov	_bp,sp
   001C 05 81               477 	inc	sp
                            478 ;	SRC/handler.c:37: while( read_dip()==DIP_POLL_MODE ){
   001E                     479 00103$:
   001E 12s00r00            480 	lcall	_read_dip
   0021 AA 82               481 	mov	r2,dpl
   0023 90s00r03            482 	mov	dptr,#_DIP_POLL_MODE
   0026 E4                  483 	clr	a
   0027 93                  484 	movc	a,@a+dptr
   0028 FB                  485 	mov	r3,a
   0029 EA                  486 	mov	a,r2
   002A B5 03 3E            487 	cjne	a,ar3,00105$
                            488 ;	SRC/handler.c:38: if( read_byte(&byte_in) ){
   002D AA*00               489 	mov	r2,_bp
   002F 0A                  490 	inc	r2
   0030 7B 00               491 	mov	r3,#0x00
   0032 7C 40               492 	mov	r4,#0x40
   0034 8A 82               493 	mov	dpl,r2
   0036 8B 83               494 	mov	dph,r3
   0038 8C F0               495 	mov	b,r4
   003A 12s00r00            496 	lcall	_read_byte
   003D E5 82               497 	mov	a,dpl
   003F 60 1F               498 	jz	00102$
                            499 ;	SRC/handler.c:39: for( i=byte_in;i<='9';i++ ){
   0041 A8*00               500 	mov	r0,_bp
   0043 08                  501 	inc	r0
   0044 86 02               502 	mov	ar2,@r0
   0046                     503 00106$:
   0046 EA                  504 	mov	a,r2
   0047 24 C6               505 	add	a,#0xff - 0x39
   0049 40 0C               506 	jc	00109$
                            507 ;	SRC/handler.c:40: send_byte(i);
   004B 8A 82               508 	mov	dpl,r2
   004D C0 02               509 	push	ar2
   004F 12s00r00            510 	lcall	_send_byte
   0052 D0 02               511 	pop	ar2
                            512 ;	SRC/handler.c:39: for( i=byte_in;i<='9';i++ ){
   0054 0A                  513 	inc	r2
   0055 80 EF               514 	sjmp	00106$
   0057                     515 00109$:
                            516 ;	SRC/handler.c:42: send_string("\r\n");
   0057 90s00r05            517 	mov	dptr,#__str_0
   005A 75 F0 80            518 	mov	b,#0x80
   005D 12s00r00            519 	lcall	_send_string
   0060                     520 00102$:
                            521 ;	SRC/handler.c:45: delay_ms(1);
   0060 90 00 01            522 	mov	dptr,#(0x01&0x00ff)
   0063 E4                  523 	clr	a
   0064 F5 F0               524 	mov	b,a
   0066 12s00r00            525 	lcall	_delay_ms
   0069 80 B3               526 	sjmp	00103$
   006B                     527 00105$:
                            528 ;	SRC/handler.c:48: mode=MODE_INT;
   006B 85*00*01            529 	mov	_mode,_MODE_INT
   006E 85*00 81            530 	mov	sp,_bp
   0071 D0*00               531 	pop	_bp
   0073 22                  532 	ret
                            533 ;------------------------------------------------------------
                            534 ;Allocation info for local variables in function 'int_loop'
                            535 ;------------------------------------------------------------
                            536 ;------------------------------------------------------------
                            537 ;	SRC/handler.c:51: void int_loop() {
                            538 ;	-----------------------------------------
                            539 ;	 function int_loop
                            540 ;	-----------------------------------------
   0074                     541 _int_loop:
                            542 ;	SRC/handler.c:52: while( read_dip()!=DIP_POLL_MODE ){
   0074                     543 00101$:
   0074 12s00r00            544 	lcall	_read_dip
   0077 AA 82               545 	mov	r2,dpl
   0079 90s00r03            546 	mov	dptr,#_DIP_POLL_MODE
   007C E4                  547 	clr	a
   007D 93                  548 	movc	a,@a+dptr
   007E FB                  549 	mov	r3,a
   007F EA                  550 	mov	a,r2
   0080 B5 03 02            551 	cjne	a,ar3,00108$
   0083 80 0B               552 	sjmp	00103$
   0085                     553 00108$:
                            554 ;	SRC/handler.c:53: delay_ms(1);
   0085 90 00 01            555 	mov	dptr,#(0x01&0x00ff)
   0088 E4                  556 	clr	a
   0089 F5 F0               557 	mov	b,a
   008B 12s00r00            558 	lcall	_delay_ms
   008E 80 E4               559 	sjmp	00101$
   0090                     560 00103$:
                            561 ;	SRC/handler.c:56: mode=MODE_POLL;
   0090 90s00r02            562 	mov	dptr,#_MODE_POLL
   0093 E4                  563 	clr	a
   0094 93                  564 	movc	a,@a+dptr
   0095 F5*01               565 	mov	_mode,a
   0097 22                  566 	ret
                            567 ;------------------------------------------------------------
                            568 ;Allocation info for local variables in function 'handler_loop'
                            569 ;------------------------------------------------------------
                            570 ;------------------------------------------------------------
                            571 ;	SRC/handler.c:59: void handler_loop() {
                            572 ;	-----------------------------------------
                            573 ;	 function handler_loop
                            574 ;	-----------------------------------------
   0098                     575 _handler_loop:
                            576 ;	SRC/handler.c:60: while(1) {
   0098                     577 00105$:
                            578 ;	SRC/handler.c:61: if( mode==MODE_POLL ) {
   0098 90s00r02            579 	mov	dptr,#_MODE_POLL
   009B E4                  580 	clr	a
   009C 93                  581 	movc	a,@a+dptr
   009D FA                  582 	mov	r2,a
   009E B5*01 0E            583 	cjne	a,_mode,00102$
                            584 ;	SRC/handler.c:62: send_string("\r\npoll mode\r\n");
   00A1 90s00r08            585 	mov	dptr,#__str_1
   00A4 75 F0 80            586 	mov	b,#0x80
   00A7 12s00r00            587 	lcall	_send_string
                            588 ;	SRC/handler.c:63: poll_loop();
   00AA 12s00r17            589 	lcall	_poll_loop
   00AD 80 E9               590 	sjmp	00105$
   00AF                     591 00102$:
                            592 ;	SRC/handler.c:65: send_string("\r\ninteruption mode\r\n");
   00AF 90s00r16            593 	mov	dptr,#__str_2
   00B2 75 F0 80            594 	mov	b,#0x80
   00B5 12s00r00            595 	lcall	_send_string
                            596 ;	SRC/handler.c:66: int_loop();
   00B8 12s00r74            597 	lcall	_int_loop
   00BB 80 DB               598 	sjmp	00105$
                            599 ;------------------------------------------------------------
                            600 ;Allocation info for local variables in function 'error'
                            601 ;------------------------------------------------------------
                            602 ;------------------------------------------------------------
                            603 ;	SRC/handler.c:71: void error() {
                            604 ;	-----------------------------------------
                            605 ;	 function error
                            606 ;	-----------------------------------------
   00BD                     607 _error:
                            608 ;	SRC/handler.c:72: send_string("\r\nerror\r\n");
   00BD 90s00r2B            609 	mov	dptr,#__str_3
   00C0 75 F0 80            610 	mov	b,#0x80
   00C3 12s00r00            611 	lcall	_send_string
                            612 ;	SRC/handler.c:73: leds(0xAA);
   00C6 75 82 AA            613 	mov	dpl,#0xAA
   00C9 12s00r00            614 	lcall	_leds
                            615 ;	SRC/handler.c:74: state=STATE_ERROR;
   00CC 75*03 02            616 	mov	_state,#0x02
   00CF 22                  617 	ret
                            618 ;------------------------------------------------------------
                            619 ;Allocation info for local variables in function 'to_hex'
                            620 ;------------------------------------------------------------
                            621 ;val                       Allocated to registers r2 
                            622 ;------------------------------------------------------------
                            623 ;	SRC/handler.c:77: u8 to_hex(u8 val) {
                            624 ;	-----------------------------------------
                            625 ;	 function to_hex
                            626 ;	-----------------------------------------
   00D0                     627 _to_hex:
                            628 ;	SRC/handler.c:78: if( val>9 ) {
   00D0 E5 82               629 	mov	a,dpl
   00D2 FA                  630 	mov	r2,a
   00D3 24 F6               631 	add	a,#0xff - 0x09
   00D5 50 06               632 	jnc	00102$
                            633 ;	SRC/handler.c:79: return 'A'+val-10;
   00D7 74 37               634 	mov	a,#0x37
   00D9 2A                  635 	add	a,r2
   00DA F5 82               636 	mov	dpl,a
   00DC 22                  637 	ret
   00DD                     638 00102$:
                            639 ;	SRC/handler.c:82: return '0'+val;
   00DD 74 30               640 	mov	a,#0x30
   00DF 2A                  641 	add	a,r2
   00E0 F5 82               642 	mov	dpl,a
   00E2 22                  643 	ret
                            644 ;------------------------------------------------------------
                            645 ;Allocation info for local variables in function 'handler_int'
                            646 ;------------------------------------------------------------
                            647 ;num                       Allocated to registers r2 
                            648 ;sym                       Allocated to stack - offset 1
                            649 ;------------------------------------------------------------
                            650 ;	SRC/handler.c:85: void handler_int() {
                            651 ;	-----------------------------------------
                            652 ;	 function handler_int
                            653 ;	-----------------------------------------
   00E3                     654 _handler_int:
   00E3 C0*00               655 	push	_bp
   00E5 85 81*00            656 	mov	_bp,sp
   00E8 05 81               657 	inc	sp
                            658 ;	SRC/handler.c:89: if( !read_byte(&sym) ){
   00EA AA*00               659 	mov	r2,_bp
   00EC 0A                  660 	inc	r2
   00ED 7B 00               661 	mov	r3,#0x00
   00EF 7C 40               662 	mov	r4,#0x40
   00F1 8A 82               663 	mov	dpl,r2
   00F3 8B 83               664 	mov	dph,r3
   00F5 8C F0               665 	mov	b,r4
   00F7 12s00r00            666 	lcall	_read_byte
   00FA E5 82               667 	mov	a,dpl
   00FC 70 06               668 	jnz	00102$
                            669 ;	SRC/handler.c:90: error();
   00FE 12s00rBD            670 	lcall	_error
                            671 ;	SRC/handler.c:91: return;
   0101 02s01rC5            672 	ljmp	00120$
   0104                     673 00102$:
                            674 ;	SRC/handler.c:94: if( state==STATE_ERROR ){//очищаем после ошибки
   0104 74 02               675 	mov	a,#0x02
   0106 B5*03 09            676 	cjne	a,_state,00104$
                            677 ;	SRC/handler.c:95: reset();
   0109 12s00r06            678 	lcall	_reset
                            679 ;	SRC/handler.c:96: leds(0x00);
   010C 75 82 00            680 	mov	dpl,#0x00
   010F 12s00r00            681 	lcall	_leds
   0112                     682 00104$:
                            683 ;	SRC/handler.c:99: switch (state) {
   0112 E4                  684 	clr	a
   0113 B5*03 02            685 	cjne	a,_state,00134$
   0116 80 0B               686 	sjmp	00105$
   0118                     687 00134$:
   0118 74 01               688 	mov	a,#0x01
   011A B5*03 03            689 	cjne	a,_state,00135$
   011D 02s01r8C            690 	ljmp	00115$
   0120                     691 00135$:
   0120 02s01rC5            692 	ljmp	00120$
                            693 ;	SRC/handler.c:100: case STATE_NUMBER:
   0123                     694 00105$:
                            695 ;	SRC/handler.c:101: if(sym>='0' && sym<='9'){
   0123 A8*00               696 	mov	r0,_bp
   0125 08                  697 	inc	r0
   0126 B6 30 00            698 	cjne	@r0,#0x30,00136$
   0129                     699 00136$:
   0129 40 51               700 	jc	00112$
   012B A8*00               701 	mov	r0,_bp
   012D 08                  702 	inc	r0
   012E E6                  703 	mov	a,@r0
   012F 24 C6               704 	add	a,#0xff - 0x39
   0131 40 49               705 	jc	00112$
                            706 ;	SRC/handler.c:102: send_byte(sym);
   0133 A8*00               707 	mov	r0,_bp
   0135 08                  708 	inc	r0
   0136 86 82               709 	mov	dpl,@r0
   0138 12s00r00            710 	lcall	_send_byte
                            711 ;	SRC/handler.c:103: num=sym-'0';
   013B A8*00               712 	mov	r0,_bp
   013D 08                  713 	inc	r0
   013E E6                  714 	mov	a,@r0
   013F 24 D0               715 	add	a,#0xd0
   0141 FA                  716 	mov	r2,a
                            717 ;	SRC/handler.c:105: if( num > NUMBER_LIMIT-number*10 ) {//станет больше, чем NUMBER_LIMIT
   0142 90s00r04            718 	mov	dptr,#_NUMBER_LIMIT
   0145 E4                  719 	clr	a
   0146 93                  720 	movc	a,@a+dptr
   0147 FB                  721 	mov	r3,a
   0148 7C 00               722 	mov	r4,#0x00
   014A E5*02               723 	mov	a,_number
   014C 75 F0 0A            724 	mov	b,#0x0A
   014F A4                  725 	mul	ab
   0150 D3                  726 	setb	c
   0151 9B                  727 	subb	a,r3
   0152 F4                  728 	cpl	a
   0153 B3                  729 	cpl	c
   0154 FB                  730 	mov	r3,a
   0155 EC                  731 	mov	a,r4
   0156 95 F0               732 	subb	a,b
   0158 FC                  733 	mov	r4,a
   0159 8A 05               734 	mov	ar5,r2
   015B 7E 00               735 	mov	r6,#0x00
   015D C3                  736 	clr	c
   015E EB                  737 	mov	a,r3
   015F 9D                  738 	subb	a,r5
   0160 EC                  739 	mov	a,r4
   0161 64 80               740 	xrl	a,#0x80
   0163 8E F0               741 	mov	b,r6
   0165 63 F0 80            742 	xrl	b,#0x80
   0168 95 F0               743 	subb	a,b
   016A 50 05               744 	jnc	00107$
                            745 ;	SRC/handler.c:106: error();
   016C 12s00rBD            746 	lcall	_error
                            747 ;	SRC/handler.c:107: return;
   016F 80 54               748 	sjmp	00120$
   0171                     749 00107$:
                            750 ;	SRC/handler.c:110: number*=10;
   0171 E5*02               751 	mov	a,_number
   0173 75 F0 0A            752 	mov	b,#0x0A
   0176 A4                  753 	mul	ab
                            754 ;	SRC/handler.c:111: number+=num;
   0177 2A                  755 	add	a,r2
   0178 F5*02               756 	mov	_number,a
   017A 80 49               757 	sjmp	00120$
   017C                     758 00112$:
                            759 ;	SRC/handler.c:112: }else if( sym=='r' ) {
   017C A8*00               760 	mov	r0,_bp
   017E 08                  761 	inc	r0
   017F B6 72 05            762 	cjne	@r0,#0x72,00109$
                            763 ;	SRC/handler.c:113: state=STATE_CR;
   0182 75*03 01            764 	mov	_state,#0x01
   0185 80 3E               765 	sjmp	00120$
   0187                     766 00109$:
                            767 ;	SRC/handler.c:115: error();
   0187 12s00rBD            768 	lcall	_error
                            769 ;	SRC/handler.c:118: break;
                            770 ;	SRC/handler.c:119: case STATE_CR:
   018A 80 39               771 	sjmp	00120$
   018C                     772 00115$:
                            773 ;	SRC/handler.c:120: if( sym=='n' ) {
   018C A8*00               774 	mov	r0,_bp
   018E 08                  775 	inc	r0
   018F B6 6E 30            776 	cjne	@r0,#0x6E,00117$
                            777 ;	SRC/handler.c:121: send_string("\r\nHex:");
   0192 90s00r35            778 	mov	dptr,#__str_4
   0195 75 F0 80            779 	mov	b,#0x80
   0198 12s00r00            780 	lcall	_send_string
                            781 ;	SRC/handler.c:122: send_byte(to_hex(number>>4));
   019B E5*02               782 	mov	a,_number
   019D C4                  783 	swap	a
   019E 54 0F               784 	anl	a,#0x0f
   01A0 F5 82               785 	mov	dpl,a
   01A2 12s00rD0            786 	lcall	_to_hex
   01A5 12s00r00            787 	lcall	_send_byte
                            788 ;	SRC/handler.c:123: send_byte(to_hex(number&0x0F));
   01A8 74 0F               789 	mov	a,#0x0F
   01AA 55*02               790 	anl	a,_number
   01AC F5 82               791 	mov	dpl,a
   01AE 12s00rD0            792 	lcall	_to_hex
   01B1 12s00r00            793 	lcall	_send_byte
                            794 ;	SRC/handler.c:124: send_string("\r\n");
   01B4 90s00r05            795 	mov	dptr,#__str_0
   01B7 75 F0 80            796 	mov	b,#0x80
   01BA 12s00r00            797 	lcall	_send_string
                            798 ;	SRC/handler.c:125: reset();
   01BD 12s00r06            799 	lcall	_reset
   01C0 80 03               800 	sjmp	00120$
   01C2                     801 00117$:
                            802 ;	SRC/handler.c:127: error();
   01C2 12s00rBD            803 	lcall	_error
                            804 ;	SRC/handler.c:131: }
   01C5                     805 00120$:
   01C5 85*00 81            806 	mov	sp,_bp
   01C8 D0*00               807 	pop	_bp
   01CA 22                  808 	ret
                            809 	.area CSEG    (CODE)
                            810 	.area CONST   (CODE)
   0000                     811 _true:
   0000 FF                  812 	.db #0xFF
   0001                     813 _false:
   0001 00                  814 	.db #0x00
   0002                     815 _MODE_POLL:
   0002 00                  816 	.db #0x00
   0003                     817 _DIP_POLL_MODE:
   0003 01                  818 	.db #0x01
   0004                     819 _NUMBER_LIMIT:
   0004 FF                  820 	.db #0xFF
   0005                     821 __str_0:
   0005 0D                  822 	.db 0x0D
   0006 0A                  823 	.db 0x0A
   0007 00                  824 	.db 0x00
   0008                     825 __str_1:
   0008 0D                  826 	.db 0x0D
   0009 0A                  827 	.db 0x0A
   000A 70 6F 6C 6C 20 6D   828 	.ascii "poll mode"
        6F 64 65
   0013 0D                  829 	.db 0x0D
   0014 0A                  830 	.db 0x0A
   0015 00                  831 	.db 0x00
   0016                     832 __str_2:
   0016 0D                  833 	.db 0x0D
   0017 0A                  834 	.db 0x0A
   0018 69 6E 74 65 72 75   835 	.ascii "interuption mode"
        70 74 69 6F 6E 20
        6D 6F 64 65
   0028 0D                  836 	.db 0x0D
   0029 0A                  837 	.db 0x0A
   002A 00                  838 	.db 0x00
   002B                     839 __str_3:
   002B 0D                  840 	.db 0x0D
   002C 0A                  841 	.db 0x0A
   002D 65 72 72 6F 72      842 	.ascii "error"
   0032 0D                  843 	.db 0x0D
   0033 0A                  844 	.db 0x0A
   0034 00                  845 	.db 0x00
   0035                     846 __str_4:
   0035 0D                  847 	.db 0x0D
   0036 0A                  848 	.db 0x0A
   0037 48 65 78 3A         849 	.ascii "Hex:"
   003B 00                  850 	.db 0x00
                            851 	.area XINIT   (CODE)
                            852 	.area CABS    (ABS,CODE)
